Using pre-set license
Built from '2020.3/staging' branch; Version is '2020.3.6f1 (338bb68529b2) revision 3378102'; Using compiler version '192528614'; Build Type 'Release'
OS: 'Windows 10 Home; OS build 19042.928; Version 2009; 64bit' Language: 'tr' Physical Memory: 8189 MB
BatchMode: 1, IsHumanControllingUs: 0, StartBugReporterOnCrash: 0, Is64bit: 1, IsPro: 0

 COMMAND LINE ARGUMENTS:
C:\Program Files\Unity\Hub\Editor\2020.3.6f1\Editor\Unity.exe
-adb2
-batchMode
-noUpm
-name
AssetImportWorker0
-projectPath
C:/Users/mehme/Desktop/Yeni klasör/Yeni klasör/BanditvsMonsters
-logFile
Logs/AssetImportWorker0.log
-srvPort
58233
Successfully changed project path to: C:/Users/mehme/Desktop/Yeni klasör/Yeni klasör/BanditvsMonsters
C:/Users/mehme/Desktop/Yeni klasör/Yeni klasör/BanditvsMonsters
Using Asset Import Pipeline V2.
Refreshing native plugins compatible for Editor in 90.34 ms, found 1 plugins.
Preloading 0 native plugins for Editor in 0.00 ms.
Initialize engine version: 2020.3.6f1 (338bb68529b2)
[Subsystems] Discovering subsystems at path C:/Program Files/Unity/Hub/Editor/2020.3.6f1/Editor/Data/Resources/UnitySubsystems
[Subsystems] Discovering subsystems at path C:/Users/mehme/Desktop/Yeni klasör/Yeni klasör/BanditvsMonsters/Assets
GfxDevice: creating device client; threaded=0
Direct3D:
    Version:  Direct3D 11.0 [level 11.0]
    Renderer: NVIDIA GeForce GTX 750 Ti (ID=0x1380)
    Vendor:   
    VRAM:     2007 MB
    Driver:   27.21.14.5671
Initialize mono
Mono path[0] = 'C:/Program Files/Unity/Hub/Editor/2020.3.6f1/Editor/Data/Managed'
Mono path[1] = 'C:/Program Files/Unity/Hub/Editor/2020.3.6f1/Editor/Data/MonoBleedingEdge/lib/mono/unityjit'
Mono config path = 'C:/Program Files/Unity/Hub/Editor/2020.3.6f1/Editor/Data/MonoBleedingEdge/etc'
Using monoOptions --debugger-agent=transport=dt_socket,embedding=1,server=y,suspend=n,address=127.0.0.1:56940
Begin MonoManager ReloadAssembly
Registering precompiled unity dll's ...
Register platform support module: C:/Program Files/Unity/Hub/Editor/2020.3.6f1/Editor/Data/PlaybackEngines/WindowsStandaloneSupport/UnityEditor.WindowsStandalone.Extensions.dll
Registered in 0.004599 seconds.
Native extension for WindowsStandalone target not found
Refreshing native plugins compatible for Editor in 94.64 ms, found 1 plugins.
Preloading 0 native plugins for Editor in 0.00 ms.
Mono: successfully reloaded assembly
- Completed reload, in  5.048 seconds
Platform modules already initialized, skipping
Registering precompiled user dll's ...
Registered in 0.003844 seconds.
Begin MonoManager ReloadAssembly
Native extension for WindowsStandalone target not found
Refreshing native plugins compatible for Editor in 77.56 ms, found 1 plugins.
Preloading 0 native plugins for Editor in 0.00 ms.
Mono: successfully reloaded assembly
- Completed reload, in  2.651 seconds
Platform modules already initialized, skipping
========================================================================
Worker process is ready to serve import requests
Launched and connected shader compiler UnityShaderCompiler.exe after 0.09 seconds
Refreshing native plugins compatible for Editor in 0.56 ms, found 1 plugins.
Preloading 0 native plugins for Editor in 0.00 ms.
Unloading 1814 Unused Serialized files (Serialized files now loaded: 0)
System memory in use before: 85.0 MB.
System memory in use after: 85.0 MB.

Unloading 24 unused Assets to reduce memory usage. Loaded Objects now: 2257.
Total: 4.016600 ms (FindLiveObjects: 0.591700 ms CreateObjectMapping: 0.202100 ms MarkObjects: 2.948400 ms  DeleteObjects: 0.272500 ms)

========================================================================
Received Import Request.
  path: Assets/Scripts/ControlManager.cs
  artifactKey: Guid(f18e0a752e8c8d64f952bd3c65ece5da) Importer(815301076,1909f56bfc062723c751e8b465ee728b)
Start importing Assets/Scripts/ControlManager.cs using Guid(f18e0a752e8c8d64f952bd3c65ece5da) Importer(815301076,1909f56bfc062723c751e8b465ee728b)  -> (artifact id: '4565e0afdb594d4db0d7fc879aa8379e') in 0.050366 seconds
  Import took 0.056048 seconds .

========================================================================
Received Prepare
Registering precompiled user dll's ...
Registered in 0.001961 seconds.
Begin MonoManager ReloadAssembly
Native extension for WindowsStandalone target not found
Refreshing native plugins compatible for Editor in 0.58 ms, found 1 plugins.
Preloading 0 native plugins for Editor in 0.00 ms.
Mono: successfully reloaded assembly
- Completed reload, in  1.794 seconds
Platform modules already initialized, skipping
Refreshing native plugins compatible for Editor in 0.68 ms, found 1 plugins.
Preloading 0 native plugins for Editor in 0.00 ms.
Unloading 1809 Unused Serialized files (Serialized files now loaded: 0)
System memory in use before: 85.0 MB.
System memory in use after: 85.0 MB.

Unloading 12 unused Assets to reduce memory usage. Loaded Objects now: 2261.
Total: 4.722200 ms (FindLiveObjects: 0.526100 ms CreateObjectMapping: 0.210700 ms MarkObjects: 3.693300 ms  DeleteObjects: 0.290300 ms)

========================================================================
Received Import Request.
  Time since last request: 2596.139993 seconds.
  path: Assets/Prefabs/HeavyBandit.prefab
  artifactKey: Guid(db48deff6bb82f040946a3e7f8ff5944) Importer(815301076,1909f56bfc062723c751e8b465ee728b)
Start importing Assets/Prefabs/HeavyBandit.prefab using Guid(db48deff6bb82f040946a3e7f8ff5944) Importer(815301076,1909f56bfc062723c751e8b465ee728b)  -> (artifact id: 'f563e2cf10e1eafa8eb393d6d507e771') in 0.198211 seconds
  Import took 0.210032 seconds .

========================================================================
Received Import Request.
  Time since last request: 0.795409 seconds.
  path: Assets/Prefabs/HeavyBandit.prefab
  artifactKey: Guid(db48deff6bb82f040946a3e7f8ff5944) Importer(815301076,1909f56bfc062723c751e8b465ee728b)
Start importing Assets/Prefabs/HeavyBandit.prefab using Guid(db48deff6bb82f040946a3e7f8ff5944) Importer(815301076,1909f56bfc062723c751e8b465ee728b)  -> (artifact id: '9f2e06e7893fd9c168362c09ba5cf426') in 0.024539 seconds
  Import took 0.030905 seconds .

========================================================================
Received Import Request.
  Time since last request: 6.749778 seconds.
  path: Assets/Prefabs/HeavyBandit.prefab
  artifactKey: Guid(db48deff6bb82f040946a3e7f8ff5944) Importer(815301076,1909f56bfc062723c751e8b465ee728b)
Start importing Assets/Prefabs/HeavyBandit.prefab using Guid(db48deff6bb82f040946a3e7f8ff5944) Importer(815301076,1909f56bfc062723c751e8b465ee728b)  -> (artifact id: '18d81e86665910f67592941a66aced8c') in 0.026261 seconds
  Import took 0.032335 seconds .

========================================================================
Received Import Request.
  Time since last request: 12.373263 seconds.
  path: Assets/Prefabs/HeavyBandit.prefab
  artifactKey: Guid(db48deff6bb82f040946a3e7f8ff5944) Importer(815301076,1909f56bfc062723c751e8b465ee728b)
Start importing Assets/Prefabs/HeavyBandit.prefab using Guid(db48deff6bb82f040946a3e7f8ff5944) Importer(815301076,1909f56bfc062723c751e8b465ee728b)  -> (artifact id: 'f153e155b69b6a12557ccbf1cb6d6401') in 0.024422 seconds
  Import took 0.030544 seconds .

========================================================================
Received Import Request.
  Time since last request: 19.548109 seconds.
  path: Assets/Prefabs/Player.prefab
  artifactKey: Guid(d1671fe5fd0c0cd44ae107e8b74a82cf) Importer(815301076,1909f56bfc062723c751e8b465ee728b)
Start importing Assets/Prefabs/Player.prefab using Guid(d1671fe5fd0c0cd44ae107e8b74a82cf) Importer(815301076,1909f56bfc062723c751e8b465ee728b)  -> (artifact id: '5bcfe4b2d9a15a11689b72c4cdf45d08') in 0.027182 seconds
  Import took 0.033429 seconds .

========================================================================
Received Import Request.
  Time since last request: 4.236426 seconds.
  path: Assets/Prefabs/Player.prefab
  artifactKey: Guid(d1671fe5fd0c0cd44ae107e8b74a82cf) Importer(815301076,1909f56bfc062723c751e8b465ee728b)
Start importing Assets/Prefabs/Player.prefab using Guid(d1671fe5fd0c0cd44ae107e8b74a82cf) Importer(815301076,1909f56bfc062723c751e8b465ee728b)  -> (artifact id: 'e119e357bea18a99673b81ce6d1872eb') in 0.022142 seconds
  Import took 0.028258 seconds .

========================================================================
Received Import Request.
  Time since last request: 4.059206 seconds.
  path: Assets/Prefabs/Player.prefab
  artifactKey: Guid(d1671fe5fd0c0cd44ae107e8b74a82cf) Importer(815301076,1909f56bfc062723c751e8b465ee728b)
Start importing Assets/Prefabs/Player.prefab using Guid(d1671fe5fd0c0cd44ae107e8b74a82cf) Importer(815301076,1909f56bfc062723c751e8b465ee728b)  -> (artifact id: '081b4dad2955e75381ed60c6f9a7f2d6') in 0.034485 seconds
  Import took 0.043521 seconds .

========================================================================
Received Import Request.
  Time since last request: 1.169563 seconds.
  path: Assets/Prefabs/Player.prefab
  artifactKey: Guid(d1671fe5fd0c0cd44ae107e8b74a82cf) Importer(815301076,1909f56bfc062723c751e8b465ee728b)
Start importing Assets/Prefabs/Player.prefab using Guid(d1671fe5fd0c0cd44ae107e8b74a82cf) Importer(815301076,1909f56bfc062723c751e8b465ee728b)  -> (artifact id: 'edf6cfefbb675281abc96ae3a921e5f4') in 0.020793 seconds
  Import took 0.026816 seconds .

========================================================================
Received Import Request.
  Time since last request: 0.870137 seconds.
  path: Assets/Prefabs/Player.prefab
  artifactKey: Guid(d1671fe5fd0c0cd44ae107e8b74a82cf) Importer(815301076,1909f56bfc062723c751e8b465ee728b)
Start importing Assets/Prefabs/Player.prefab using Guid(d1671fe5fd0c0cd44ae107e8b74a82cf) Importer(815301076,1909f56bfc062723c751e8b465ee728b)  -> (artifact id: '408eee79316022d3ef8af2fafae202b5') in 0.021430 seconds
  Import took 0.027531 seconds .

========================================================================
Received Import Request.
  Time since last request: 5.298154 seconds.
  path: Assets/Prefabs/Player.prefab
  artifactKey: Guid(d1671fe5fd0c0cd44ae107e8b74a82cf) Importer(815301076,1909f56bfc062723c751e8b465ee728b)
Start importing Assets/Prefabs/Player.prefab using Guid(d1671fe5fd0c0cd44ae107e8b74a82cf) Importer(815301076,1909f56bfc062723c751e8b465ee728b)  -> (artifact id: 'b3163e38daa55dbf58d1d6a07a072284') in 0.021538 seconds
  Import took 0.027965 seconds .

========================================================================
Received Prepare
Registering precompiled user dll's ...
Registered in 0.001853 seconds.
Begin MonoManager ReloadAssembly
Native extension for WindowsStandalone target not found
Refreshing native plugins compatible for Editor in 0.57 ms, found 1 plugins.
Preloading 0 native plugins for Editor in 0.00 ms.
Mono: successfully reloaded assembly
- Completed reload, in  1.487 seconds
Platform modules already initialized, skipping
Refreshing native plugins compatible for Editor in 0.57 ms, found 1 plugins.
Preloading 0 native plugins for Editor in 0.00 ms.
Unloading 1809 Unused Serialized files (Serialized files now loaded: 0)
System memory in use before: 88.2 MB.
System memory in use after: 88.2 MB.

Unloading 12 unused Assets to reduce memory usage. Loaded Objects now: 2272.
Total: 3.377000 ms (FindLiveObjects: 0.469700 ms CreateObjectMapping: 0.099500 ms MarkObjects: 2.642500 ms  DeleteObjects: 0.163600 ms)

========================================================================
Received Prepare
Registering precompiled user dll's ...
Registered in 0.002221 seconds.
Begin MonoManager ReloadAssembly
Native extension for WindowsStandalone target not found
Refreshing native plugins compatible for Editor in 0.60 ms, found 1 plugins.
Preloading 0 native plugins for Editor in 0.00 ms.
Mono: successfully reloaded assembly
- Completed reload, in  1.556 seconds
Platform modules already initialized, skipping
Refreshing native plugins compatible for Editor in 0.78 ms, found 1 plugins.
Preloading 0 native plugins for Editor in 0.00 ms.
Unloading 1809 Unused Serialized files (Serialized files now loaded: 0)
System memory in use before: 88.2 MB.
System memory in use after: 88.2 MB.

Unloading 12 unused Assets to reduce memory usage. Loaded Objects now: 2276.
Total: 3.277200 ms (FindLiveObjects: 0.410500 ms CreateObjectMapping: 0.210100 ms MarkObjects: 2.491000 ms  DeleteObjects: 0.164000 ms)

========================================================================
Received Prepare
Registering precompiled user dll's ...
Registered in 0.001701 seconds.
Begin MonoManager ReloadAssembly
Native extension for WindowsStandalone target not found
Refreshing native plugins compatible for Editor in 0.57 ms, found 1 plugins.
Preloading 0 native plugins for Editor in 0.00 ms.
Mono: successfully reloaded assembly
- Completed reload, in  1.532 seconds
Platform modules already initialized, skipping
Refreshing native plugins compatible for Editor in 0.64 ms, found 1 plugins.
Preloading 0 native plugins for Editor in 0.00 ms.
Unloading 1809 Unused Serialized files (Serialized files now loaded: 0)
System memory in use before: 88.3 MB.
System memory in use after: 88.2 MB.

Unloading 12 unused Assets to reduce memory usage. Loaded Objects now: 2280.
Total: 2.902900 ms (FindLiveObjects: 0.391800 ms CreateObjectMapping: 0.102800 ms MarkObjects: 2.247100 ms  DeleteObjects: 0.159900 ms)

========================================================================
Received Prepare
Registering precompiled user dll's ...
Registered in 0.001811 seconds.
Begin MonoManager ReloadAssembly
Native extension for WindowsStandalone target not found
Refreshing native plugins compatible for Editor in 0.66 ms, found 1 plugins.
Preloading 0 native plugins for Editor in 0.00 ms.
Mono: successfully reloaded assembly
- Completed reload, in  1.801 seconds
Platform modules already initialized, skipping
Refreshing native plugins compatible for Editor in 0.59 ms, found 1 plugins.
Preloading 0 native plugins for Editor in 0.00 ms.
Unloading 1809 Unused Serialized files (Serialized files now loaded: 0)
System memory in use before: 88.3 MB.
System memory in use after: 88.2 MB.

Unloading 12 unused Assets to reduce memory usage. Loaded Objects now: 2284.
Total: 3.419000 ms (FindLiveObjects: 0.445100 ms CreateObjectMapping: 0.106400 ms MarkObjects: 2.693500 ms  DeleteObjects: 0.172200 ms)

